########### array before sorts ###########
0	-3.810000	37.465000	-3.810000	3.810000	n
1	-3.810000	3.810000	0.000000	3.810000	n
2	0.000000	3.810000	4.445000	-0.635000	n
3	4.445000	-0.635000	4.445000	-3.810000	n
4	4.445000	-3.810000	38.100000	-3.810000	n
5	38.100000	-3.810000	38.100000	0.000000	n
6	38.100000	0.000000	41.910000	3.810000	n
7	41.910000	3.810000	45.720000	3.810000	n
8	45.720000	3.810000	45.720000	12.700000	n
9	45.720000	12.700000	47.625000	12.700000	n
10	47.625000	12.700000	47.625000	3.810000	n
11	47.625000	3.810000	50.800000	3.810000	n
12	50.800000	3.810000	55.245000	-0.635000	n
13	55.245000	-0.635000	55.245000	-3.810000	n
14	55.245000	-3.810000	88.900000	-3.810000	n
15	88.900000	-3.810000	88.900000	-0.635000	n
16	88.900000	-0.635000	93.345000	3.810000	n
17	93.345000	3.810000	96.520000	3.810000	n
18	96.520000	3.810000	96.520000	37.465000	n
19	96.520000	37.465000	93.345000	37.465000	n
20	93.345000	37.465000	88.900000	41.910000	n
21	88.900000	41.910000	88.900000	45.720000	n
22	88.900000	45.720000	55.245000	45.720000	n
23	55.245000	45.720000	55.245000	42.545000	n
24	55.245000	42.545000	50.800000	38.100000	n
25	50.800000	38.100000	47.625000	38.100000	n
26	47.625000	38.100000	47.625000	28.575000	n
27	47.625000	28.575000	45.720000	28.575000	n
28	45.720000	28.575000	45.720000	38.100000	n
29	45.720000	38.100000	41.910000	38.100000	n
30	41.910000	38.100000	37.465000	42.545000	n
31	37.465000	42.545000	37.465000	45.720000	n
32	37.465000	45.720000	4.445000	45.720000	n
33	4.445000	45.720000	4.445000	42.545000	n
34	4.445000	42.545000	-0.635000	37.465000	n
35	-0.635000	37.465000	-3.810000	37.465000	n
Tolerance=0.050000.
*Exact match for i=0 and j=1.
*i point -3.810000	37.465000	-3.810000	3.810000	y
*Exact match for i=1 and j=2.
*i point -3.810000	3.810000	0.000000	3.810000	y
*Exact match for i=2 and j=3.
*i point 0.000000	3.810000	4.445000	-0.635000	y
*Exact match for i=3 and j=4.
*i point 4.445000	-0.635000	4.445000	-3.810000	y
*Exact match for i=4 and j=5.
*i point 4.445000	-3.810000	38.100000	-3.810000	y
*Exact match for i=5 and j=6.
*i point 38.100000	-3.810000	38.100000	0.000000	y
*Exact match for i=6 and j=7.
*i point 38.100000	0.000000	41.910000	3.810000	y
*Exact match for i=7 and j=8.
*i point 41.910000	3.810000	45.720000	3.810000	y
*Exact match for i=8 and j=9.
*i point 45.720000	3.810000	45.720000	12.700000	y
*Exact match for i=9 and j=10.
*i point 45.720000	12.700000	47.625000	12.700000	y
*Exact match for i=10 and j=11.
*i point 47.625000	12.700000	47.625000	3.810000	y
*Exact match for i=11 and j=12.
*i point 47.625000	3.810000	50.800000	3.810000	y
*Exact match for i=12 and j=13.
*i point 50.800000	3.810000	55.245000	-0.635000	y
*Exact match for i=13 and j=14.
*i point 55.245000	-0.635000	55.245000	-3.810000	y
*Exact match for i=14 and j=15.
*i point 55.245000	-3.810000	88.900000	-3.810000	y
*Exact match for i=15 and j=16.
*i point 88.900000	-3.810000	88.900000	-0.635000	y
*Exact match for i=16 and j=17.
*i point 88.900000	-0.635000	93.345000	3.810000	y
*Exact match for i=17 and j=18.
*i point 93.345000	3.810000	96.520000	3.810000	y
*Exact match for i=18 and j=19.
*i point 96.520000	3.810000	96.520000	37.465000	y
*Exact match for i=19 and j=20.
*i point 96.520000	37.465000	93.345000	37.465000	y
*Exact match for i=20 and j=21.
*i point 93.345000	37.465000	88.900000	41.910000	y
*Exact match for i=21 and j=22.
*i point 88.900000	41.910000	88.900000	45.720000	y
*Exact match for i=22 and j=23.
*i point 88.900000	45.720000	55.245000	45.720000	y
*Exact match for i=23 and j=24.
*i point 55.245000	45.720000	55.245000	42.545000	y
*Exact match for i=24 and j=25.
*i point 55.245000	42.545000	50.800000	38.100000	y
*Exact match for i=25 and j=26.
*i point 50.800000	38.100000	47.625000	38.100000	y
*Exact match for i=26 and j=27.
*i point 47.625000	38.100000	47.625000	28.575000	y
*Exact match for i=27 and j=28.
*i point 47.625000	28.575000	45.720000	28.575000	y
*Exact match for i=28 and j=29.
*i point 45.720000	28.575000	45.720000	38.100000	y
*Exact match for i=29 and j=30.
*i point 45.720000	38.100000	41.910000	38.100000	y
*Exact match for i=30 and j=31.
*i point 41.910000	38.100000	37.465000	42.545000	y
*Exact match for i=31 and j=32.
*i point 37.465000	42.545000	37.465000	45.720000	y
*Exact match for i=32 and j=33.
*i point 37.465000	45.720000	4.445000	45.720000	y
*Exact match for i=33 and j=34.
*i point 4.445000	45.720000	4.445000	42.545000	y
*Exact match for i=34 and j=35.
*i point 4.445000	42.545000	-0.635000	37.465000	y
########### array after sorts ###########
0	-3.810000	37.465000	-3.810000	3.810000	y
1	-3.810000	3.810000	0.000000	3.810000	y
2	0.000000	3.810000	4.445000	-0.635000	y
3	4.445000	-0.635000	4.445000	-3.810000	y
4	4.445000	-3.810000	38.100000	-3.810000	y
5	38.100000	-3.810000	38.100000	0.000000	y
6	38.100000	0.000000	41.910000	3.810000	y
7	41.910000	3.810000	45.720000	3.810000	y
8	45.720000	3.810000	45.720000	12.700000	y
9	45.720000	12.700000	47.625000	12.700000	y
10	47.625000	12.700000	47.625000	3.810000	y
11	47.625000	3.810000	50.800000	3.810000	y
12	50.800000	3.810000	55.245000	-0.635000	y
13	55.245000	-0.635000	55.245000	-3.810000	y
14	55.245000	-3.810000	88.900000	-3.810000	y
15	88.900000	-3.810000	88.900000	-0.635000	y
16	88.900000	-0.635000	93.345000	3.810000	y
17	93.345000	3.810000	96.520000	3.810000	y
18	96.520000	3.810000	96.520000	37.465000	y
19	96.520000	37.465000	93.345000	37.465000	y
20	93.345000	37.465000	88.900000	41.910000	y
21	88.900000	41.910000	88.900000	45.720000	y
22	88.900000	45.720000	55.245000	45.720000	y
23	55.245000	45.720000	55.245000	42.545000	y
24	55.245000	42.545000	50.800000	38.100000	y
25	50.800000	38.100000	47.625000	38.100000	y
26	47.625000	38.100000	47.625000	28.575000	y
27	47.625000	28.575000	45.720000	28.575000	y
28	45.720000	28.575000	45.720000	38.100000	y
29	45.720000	38.100000	41.910000	38.100000	y
30	41.910000	38.100000	37.465000	42.545000	y
31	37.465000	42.545000	37.465000	45.720000	y
32	37.465000	45.720000	4.445000	45.720000	y
33	4.445000	45.720000	4.445000	42.545000	y
34	4.445000	42.545000	-0.635000	37.465000	y
35	-0.635000	37.465000	-3.810000	37.465000	y
***************
.BOARD_OUTLINE UNOWNED
1.6
0     -3.810000     37.465000     0
0     -3.810000     3.810000     0
0     0.000000     3.810000     0
0     4.445000     -0.635000     0
0     4.445000     -3.810000     0
0     38.100000     -3.810000     0
0     38.100000     0.000000     0
0     41.910000     3.810000     0
0     45.720000     3.810000     0
0     45.720000     12.700000     0
0     47.625000     12.700000     0
0     47.625000     3.810000     0
0     50.800000     3.810000     0
0     55.245000     -0.635000     0
0     55.245000     -3.810000     0
0     88.900000     -3.810000     0
0     88.900000     -0.635000     0
0     93.345000     3.810000     0
0     96.520000     3.810000     0
0     96.520000     37.465000     0
0     93.345000     37.465000     0
0     88.900000     41.910000     0
0     88.900000     45.720000     0
0     55.245000     45.720000     0
0     55.245000     42.545000     0
0     50.800000     38.100000     0
0     47.625000     38.100000     0
0     47.625000     28.575000     0
0     45.720000     28.575000     0
0     45.720000     38.100000     0
0     41.910000     38.100000     0
0     37.465000     42.545000     0
0     37.465000     45.720000     0
0     4.445000     45.720000     0
0     4.445000     42.545000     0
0     -0.635000     37.465000     0
0     -3.810000     37.465000     0
